<?xml version="1.0" encoding="UTF-8"?>
<!-- Generated by org.testng.reporters.JUnitReportReporter -->
<testsuite hostname="DESKTOP-V5VVE22" failures="0" tests="1" name="sameerakhtar.tests.XboxAppTest" time="7.652" errors="0" timestamp="2024-12-05T03:14:19 IST" skipped="0">
  <testcase classname="sameerakhtar.tests.XboxAppTest" name="xboxAppTest" time="7.652"/>
</testsuite> <!-- sameerakhtar.tests.XboxAppTest -->
